<?xml version="1.0" encoding="UTF-8"?>
<!-- Generated by org.testng.reporters.JUnitXMLReporter -->
<testsuite ignored="0" hostname="DocCoKan" failures="2" tests="10" name="Test" time="4.558" errors="0" timestamp="16 Apr 2024 05:01:55 GMT">
  <testcase classname="lab8.thuchanh.TC001_baitapthuchanh" name="testAvatar" time="1.088"/>
  <testcase classname="lab8.thuchanh.TC001_baitapthuchanh" name="testEmail" time="0.03"/>
  <testcase classname="lab8.thuchanh.TC001_baitapthuchanh" name="testFirstName" time="0.025"/>
  <testcase classname="lab8.thuchanh.TC001_baitapthuchanh" name="testId" time="0.021"/>
  <testcase classname="lab8.thuchanh.TC001_baitapthuchanh" name="testIdMatchingUserId" time="0.027"/>
  <testcase classname="lab8.thuchanh.TC001_baitapthuchanh" name="testLastName" time="0.026"/>
  <testcase classname="lab8.thuchanh.TC001_baitapthuchanh" name="testStatusCode" time="0.002"/>
  <testcase classname="lab8.thuchanh.TC002_baitapthuchanh" name="testMessage" time="0.015">
    <failure type="java.lang.AssertionError" message="expected [User not found!] but found [false]">
      <![CDATA[java.lang.AssertionError: expected [User not found!] but found [false]
	at lab8.thuchanh.TC002_baitapthuchanh.testMessage(TC002_baitapthuchanh.java:48)
... Removed 30 stack frames]]>
    </failure>
  </testcase> <!-- testMessage -->
  <testcase classname="lab8.thuchanh.TC002_baitapthuchanh" name="testMessageExistence" time="0.002">
    <failure type="java.lang.AssertionError" message="expected [true] but found [false]">
      <![CDATA[java.lang.AssertionError: expected [true] but found [false]
	at lab8.thuchanh.TC002_baitapthuchanh.testMessageExistence(TC002_baitapthuchanh.java:44)
... Removed 29 stack frames]]>
    </failure>
  </testcase> <!-- testMessageExistence -->
  <testcase classname="lab8.thuchanh.TC002_baitapthuchanh" name="testStatusCode" time="0.004"/>
</testsuite> <!-- Test -->
