<?xml version="1.0" encoding="UTF-8"?>
<testng-results ignored="0" total="2" passed="2" failed="0" skipped="0">
  <reporter-output>
  </reporter-output>
  <suite started-at="2024-07-26T20:56:39 ICT" name="Default suite" finished-at="2024-07-26T20:57:25 ICT" duration-ms="45635">
    <groups>
    </groups>
    <test started-at="2024-07-26T20:56:39 ICT" name="Default test" finished-at="2024-07-26T20:57:25 ICT" duration-ms="45635">
      <class name="Demo.Lab7DemoTest">
        <test-method is-config="true" signature="init()[pri:0, instance:Demo.Lab7DemoTest@7db12bb6]" started-at="2024-07-26T20:56:39 ICT" name="init" finished-at="2024-07-26T20:56:44 ICT" duration-ms="5334" status="PASS">
          <reporter-output>
          </reporter-output>
        </test-method> <!-- init -->
        <test-method signature="TC01_LoginFirstAccount()[pri:0, instance:Demo.Lab7DemoTest@7db12bb6]" started-at="2024-07-26T20:56:44 ICT" name="TC01_LoginFirstAccount" finished-at="2024-07-26T20:56:59 ICT" duration-ms="14196" status="PASS">
          <reporter-output>
          </reporter-output>
        </test-method> <!-- TC01_LoginFirstAccount -->
        <test-method is-config="true" signature="takeScreenshot(org.testng.ITestResult)[pri:0, instance:Demo.Lab7DemoTest@7db12bb6]" started-at="2024-07-26T20:56:59 ICT" name="takeScreenshot" finished-at="2024-07-26T20:57:00 ICT" duration-ms="1007" status="PASS">
          <params>
            <param index="0">
              <value>
                <![CDATA[[TestResult name=TC01_LoginFirstAccount status=SUCCESS method=Lab7DemoTest.TC01_LoginFirstAccount()[pri:0, instance:Demo.Lab7DemoTest@7db12bb6] output={null}]]]>
              </value>
            </param>
          </params>
          <reporter-output>
          </reporter-output>
        </test-method> <!-- takeScreenshot -->
        <test-method signature="TC01_LoginSecondAccount()[pri:1, instance:Demo.Lab7DemoTest@7db12bb6]" started-at="2024-07-26T20:57:00 ICT" name="TC01_LoginSecondAccount" finished-at="2024-07-26T20:57:23 ICT" duration-ms="23500" status="PASS">
          <reporter-output>
          </reporter-output>
        </test-method> <!-- TC01_LoginSecondAccount -->
        <test-method is-config="true" signature="takeScreenshot(org.testng.ITestResult)[pri:0, instance:Demo.Lab7DemoTest@7db12bb6]" started-at="2024-07-26T20:57:23 ICT" name="takeScreenshot" finished-at="2024-07-26T20:57:24 ICT" duration-ms="1006" status="PASS">
          <params>
            <param index="0">
              <value>
                <![CDATA[[TestResult name=TC01_LoginSecondAccount status=SUCCESS method=Lab7DemoTest.TC01_LoginSecondAccount()[pri:1, instance:Demo.Lab7DemoTest@7db12bb6] output={null}]]]>
              </value>
            </param>
          </params>
          <reporter-output>
          </reporter-output>
        </test-method> <!-- takeScreenshot -->
        <test-method is-config="true" signature="closeinit()[pri:0, instance:Demo.Lab7DemoTest@7db12bb6]" started-at="2024-07-26T20:57:24 ICT" name="closeinit" finished-at="2024-07-26T20:57:25 ICT" duration-ms="499" status="PASS">
          <reporter-output>
          </reporter-output>
        </test-method> <!-- closeinit -->
      </class> <!-- Demo.Lab7DemoTest -->
    </test> <!-- Default test -->
  </suite> <!-- Default suite -->
</testng-results>
