<?xml version="1.0" encoding="UTF-8"?>
<testng-results ignored="0" total="7" passed="7" failed="0" skipped="0">
  <reporter-output>
  </reporter-output>
  <suite started-at="2024-08-06T02:51:46Z" name="Default suite" finished-at="2024-08-06T02:51:49Z" duration-ms="3278">
    <groups>
    </groups>
    <test started-at="2024-08-06T02:51:46Z" name="Default test" finished-at="2024-08-06T02:51:49Z" duration-ms="3278">
      <class name="lab8.thuchanh.TC001_baitapthuchanh">
        <test-method is-config="true" signature="init_thuchanh001()[pri:0, instance:lab8.thuchanh.TC001_baitapthuchanh@6f19ac19]" started-at="2024-08-06T09:51:46Z" name="init_thuchanh001" finished-at="2024-08-06T09:51:48Z" duration-ms="2292" status="PASS">
          <reporter-output>
          </reporter-output>
        </test-method> <!-- init_thuchanh001 -->
        <test-method signature="testAvatar()[pri:0, instance:lab8.thuchanh.TC001_baitapthuchanh@6f19ac19]" started-at="2024-08-06T09:51:48Z" name="testAvatar" finished-at="2024-08-06T09:51:49Z" duration-ms="842" status="PASS">
          <reporter-output>
          </reporter-output>
        </test-method> <!-- testAvatar -->
        <test-method signature="testEmail()[pri:0, instance:lab8.thuchanh.TC001_baitapthuchanh@6f19ac19]" started-at="2024-08-06T09:51:49Z" name="testEmail" finished-at="2024-08-06T09:51:49Z" duration-ms="19" status="PASS">
          <reporter-output>
          </reporter-output>
        </test-method> <!-- testEmail -->
        <test-method signature="testFirstName()[pri:0, instance:lab8.thuchanh.TC001_baitapthuchanh@6f19ac19]" started-at="2024-08-06T09:51:49Z" name="testFirstName" finished-at="2024-08-06T09:51:49Z" duration-ms="23" status="PASS">
          <reporter-output>
          </reporter-output>
        </test-method> <!-- testFirstName -->
        <test-method signature="testId()[pri:0, instance:lab8.thuchanh.TC001_baitapthuchanh@6f19ac19]" started-at="2024-08-06T09:51:49Z" name="testId" finished-at="2024-08-06T09:51:49Z" duration-ms="18" status="PASS">
          <reporter-output>
          </reporter-output>
        </test-method> <!-- testId -->
        <test-method signature="testIdMatchingUserId()[pri:0, instance:lab8.thuchanh.TC001_baitapthuchanh@6f19ac19]" started-at="2024-08-06T09:51:49Z" name="testIdMatchingUserId" finished-at="2024-08-06T09:51:49Z" duration-ms="18" status="PASS">
          <reporter-output>
          </reporter-output>
        </test-method> <!-- testIdMatchingUserId -->
        <test-method signature="testLastName()[pri:0, instance:lab8.thuchanh.TC001_baitapthuchanh@6f19ac19]" started-at="2024-08-06T09:51:49Z" name="testLastName" finished-at="2024-08-06T09:51:49Z" duration-ms="17" status="PASS">
          <reporter-output>
          </reporter-output>
        </test-method> <!-- testLastName -->
        <test-method signature="testStatusCode()[pri:0, instance:lab8.thuchanh.TC001_baitapthuchanh@6f19ac19]" started-at="2024-08-06T09:51:49Z" name="testStatusCode" finished-at="2024-08-06T09:51:49Z" duration-ms="3" status="PASS">
          <reporter-output>
          </reporter-output>
        </test-method> <!-- testStatusCode -->
      </class> <!-- lab8.thuchanh.TC001_baitapthuchanh -->
    </test> <!-- Default test -->
  </suite> <!-- Default suite -->
</testng-results>
